<?xml version="1.0" encoding="UTF-8"?>
<!-- Generated by org.testng.reporters.JUnitReportReporter -->
<testsuite hostname="DESKTOP-TC1ANB6" failures="0" tests="1" name="com.utilities.ReadExcel" time="2.387" errors="0" timestamp="2025-07-15T14:57:25 IST" skipped="0">
  <testcase classname="com.utilities.ReadExcel" name="readExcel" time="2.387"/>
</testsuite> <!-- com.utilities.ReadExcel -->
